<?xml version="1.0" encoding="UTF-8"?>
<testng-results ignored="0" total="3" passed="3" failed="0" skipped="0">
  <reporter-output>
  </reporter-output>
  <suite started-at="2022-06-27T17:43:31 CDT" name="Default suite" finished-at="2022-06-27T17:45:09 CDT" duration-ms="98446">
    <groups>
    </groups>
    <test started-at="2022-06-27T17:43:31 CDT" name="Default test" finished-at="2022-06-27T17:45:09 CDT" duration-ms="98446">
      <class name="dataDrivenTests.loginTest">
        <test-method signature="login(java.lang.String, java.lang.String)[pri:0, instance:dataDrivenTests.loginTest@2e4b8173]" started-at="2022-06-27T17:43:32 CDT" name="login" data-provider="getTestData" finished-at="2022-06-27T17:43:48 CDT" duration-ms="15988" status="PASS">
          <params>
            <param index="0">
              <value>
                <![CDATA[xyzabc@gmail.com]]>
              </value>
            </param>
            <param index="1">
              <value>
                <![CDATA[Temp1234#]]>
              </value>
            </param>
          </params>
          <reporter-output>
          </reporter-output>
        </test-method> <!-- login -->
        <test-method signature="login(java.lang.String, java.lang.String)[pri:0, instance:dataDrivenTests.loginTest@2e4b8173]" started-at="2022-06-27T17:43:48 CDT" name="login" data-provider="getTestData" finished-at="2022-06-27T17:44:25 CDT" duration-ms="37366" status="PASS">
          <params>
            <param index="0">
              <value>
                <![CDATA[john.s@gmail.com]]>
              </value>
            </param>
            <param index="1">
              <value>
                <![CDATA[smith]]>
              </value>
            </param>
          </params>
          <reporter-output>
          </reporter-output>
        </test-method> <!-- login -->
        <test-method signature="login(java.lang.String, java.lang.String)[pri:0, instance:dataDrivenTests.loginTest@2e4b8173]" started-at="2022-06-27T17:44:25 CDT" name="login" data-provider="getTestData" finished-at="2022-06-27T17:45:09 CDT" duration-ms="43535" status="PASS">
          <params>
            <param index="0">
              <value>
                <![CDATA[a.k@yahoo.com]]>
              </value>
            </param>
            <param index="1">
              <value>
                <![CDATA[kumar]]>
              </value>
            </param>
          </params>
          <reporter-output>
          </reporter-output>
        </test-method> <!-- login -->
      </class> <!-- dataDrivenTests.loginTest -->
    </test> <!-- Default test -->
  </suite> <!-- Default suite -->
</testng-results>
