<?xml version="1.0" encoding="UTF-8"?>
<testng-results ignored="0" total="1" passed="1" failed="0" skipped="0">
  <reporter-output>
  </reporter-output>
  <suite started-at="2023-03-28T17:29:11 CDT" name="Default suite" finished-at="2023-03-28T17:29:21 CDT" duration-ms="9825">
    <groups>
    </groups>
    <test started-at="2023-03-28T17:29:11 CDT" name="Default test" finished-at="2023-03-28T17:29:21 CDT" duration-ms="9825">
      <class name="tests.GoogleTest">
        <test-method is-config="true" signature="setUp()[pri:0, instance:tests.GoogleTest@55634720]" started-at="2023-03-28T17:29:11 CDT" name="setUp" finished-at="2023-03-28T17:29:18 CDT" duration-ms="7499" status="PASS">
          <reporter-output>
          </reporter-output>
        </test-method> <!-- setUp -->
        <test-method signature="logintest()[pri:0, instance:tests.GoogleTest@55634720]" started-at="2023-03-28T17:29:18 CDT" name="logintest" finished-at="2023-03-28T17:29:20 CDT" duration-ms="2124" status="PASS">
          <reporter-output>
          </reporter-output>
        </test-method> <!-- logintest -->
        <test-method is-config="true" signature="teardown()[pri:0, instance:tests.GoogleTest@55634720]" started-at="2023-03-28T17:29:20 CDT" name="teardown" finished-at="2023-03-28T17:29:21 CDT" duration-ms="164" status="PASS">
          <reporter-output>
          </reporter-output>
        </test-method> <!-- teardown -->
      </class> <!-- tests.GoogleTest -->
    </test> <!-- Default test -->
  </suite> <!-- Default suite -->
</testng-results>
