<?xml version="1.0" encoding="UTF-8"?>
<!-- Generated by org.testng.reporters.JUnitXMLReporter -->
<testsuite ignored="0" hostname="windows" failures="0" tests="3" name="Default test" time="98.446" errors="0" timestamp="2022-06-27T17:45:09 CDT">
  <testcase classname="dataDrivenTests.loginTest" name="login" time="15.988"/>
  <testcase classname="dataDrivenTests.loginTest" name="login" time="37.366"/>
  <testcase classname="dataDrivenTests.loginTest" name="login" time="43.535"/>
</testsuite> <!-- Default test -->
